This is LuaTeX, Version 0.95.0 (TeX Live 2016/Debian)  (format=lualatex 2017.4.20)  3 MAY 2017 17:04
 restricted system commands enabled.
**/home/barendregt/Analysis/PredictionError/ev_pupil_responses.py
(/home/barendregt/Analysis/PredictionError/ev_pupil_responses.py
LaTeX2e <2017/01/01> patch level 3
[\directlua]:1: module 'luaotfload-main' not found:
	no field package.preload['luaotfload-main']
	[kpse lua searcher] file not found: 'luaotfload-main'
	[kpse C searcher] file not found: 'luaotfload-main'
Error in luaotfload: reverting to OT1
Babel <3.9r> and hyphenation patterns for 1 language(s) loaded.

! LaTeX Error: Missing \begin{document}.

See the LaTeX manual or LaTeX Companion for explanation.
Type  H <return>  for immediate help.
 ...                                              
                                                  
l.1 f
   rom __future__ import division
? 
! Emergency stop.
 ...                                              
                                                  
l.1 f
   rom __future__ import division
You're in trouble here.  Try typing  <return>  to proceed.
If that doesn't work, type  X <return>  to quit.



Here is how much of LuaTeX's memory you used:
 10 strings out of 494577
 100000,89155 words of node,token memory allocated 267 words of node memory still in use:
   1 hlist, 1 local_par, 1 dir, 3 glue, 32 glue_spec, 1 temp nodes
   avail lists: 2:11,3:1,4:1,7:1
 4187 multiletter control sequences out of 65536+600000
 14 fonts using 591559 bytes
 5i,0n,4p,96b,15s stack positions out of 5000i,500n,10000p,200000b,100000s
!  ==> Fatal error occurred, no output PDF file produced!
